2024-06-15 23:20:47,612 - root - INFO - Ricevuto file: OceaniDiAndromalia.pdf
2024-06-15 23:20:47,631 - root - ERROR - Errore durante il caricamento dei file: Traceback (most recent call last):
  File "C:\Users\matti\OneDrive\Documents\CORSI\LLM\REPO\ChatWithDocuments\venv\Lib\site-packages\langchain_community\document_loaders\text.py", line 42, in lazy_load
    with open(self.file_path, encoding=self.encoding) as f:
         ^^^^^^^^^^^^^^^^^^^^^^^^^^^^^^^^^^^^^^^^^^^^
OSError: [Errno 22] Invalid argument: "Gli Oceani di Andromalia\nData: 17 agosto 3075\nLuogo: Pianeta Andromalia\nPersonaggi Principali:\nElara Venn: Comandante di una nave spaziale, 34 anni, esploratrice coraggiosa e curiosa.\nDr. Liam Kres: Biologo marino, 40 anni, specializzato in xenobiologia.\nAI Nora: Intelligenza artificiale che gestisce la nave e assiste l'equipaggio.\nTrama:\nNel 3075, l'umanità ha raggiunto le stelle e ora esplora pianeti abitabili in galassie lontane. Il \nComandante Elara Venn guida una missione di esplorazione sul pianeta Andromalia, noto \nper essere coperto quasi interamente da oceani. Con lei c'è il Dr. Liam Kres, un biologo \nmarino, e Nora, un'intelligenza artificiale avanzata che pilota la nave.\nDurante la loro esplorazione subacquea, scoprono straordinarie forme di vita aliena, tra cui \nuna specie di pianta che sembra comunicare tramite impulsi luminosi. Dr. Kres ipotizza che \nqueste piante possano avere una forma di intelligenza collettiva, forse superiore a quella \ndegli esseri umani.\nLa scoperta si complica quando una delle piante emette un impulso che temporaneamente \ndisabilita Nora, costringendo Elara e Liam a fare affidamento sulle loro abilità di \nsopravvivenza senza il supporto tecnologico. Durante questo periodo, si sviluppa una \nrelazione più profonda tra Elara e Liam, mentre lavorano insieme per ripristinare Nora e \ncomprendere meglio la comunicazione delle piante.\nAlla fine, scoprono che gli impulsi delle piante non erano un attacco, ma un tentativo di \nstabilire un contatto. Utilizzando le registrazioni degli impulsi, Elara e Liam riescono a \ntradurre i segnali, apprendendo che le piante cercano di avvertirli di un'imminente \n1\ncatastrofe naturale che minaccia il loro ecosistema.\nCon questa nuova comprensione, l'equipaggio lavora per aiutare le piante a mitigare il \ndisastro. In cambio, le piante offrono conoscenze sulla loro biologia che potrebbero portare \na importanti scoperte mediche e tecnologiche per l'umanità.\nEpilogo:\nRitornati sulla Terra, Elara e Liam pubblicano le loro scoperte, che rivoluzionano la \ncomprensione umana della vita aliena e della comunicazione interspecie.\n2\n"

The above exception was the direct cause of the following exception:

Traceback (most recent call last):
  File "C:\Users\matti\OneDrive\Documents\CORSI\LLM\REPO\ChatWithDocuments\api\main.py", line 55, in upload_files
    file_id = upload_pdf(file.filename, pdf_text)
              ^^^^^^^^^^^^^^^^^^^^^^^^^^^^^^^^^^^
  File "C:\Users\matti\OneDrive\Documents\CORSI\LLM\REPO\ChatWithDocuments\chatwithdocuments\db_manager.py", line 26, in upload_pdf
    on_file_uploaded(file_id, filename, content)
  File "C:\Users\matti\OneDrive\Documents\CORSI\LLM\REPO\ChatWithDocuments\chatwithdocuments\callback_embedding_uploaded_pdf.py", line 13, in on_file_uploaded
    documents = load_and_split_text(content)
                ^^^^^^^^^^^^^^^^^^^^^^^^^^^^
  File "C:\Users\matti\OneDrive\Documents\CORSI\LLM\REPO\ChatWithDocuments\chatwithdocuments\data_loader.py", line 13, in load_and_split_text
    return loader.load_and_split(text_splitter=text_splitter)
           ^^^^^^^^^^^^^^^^^^^^^^^^^^^^^^^^^^^^^^^^^^^^^^^^^^
  File "C:\Users\matti\OneDrive\Documents\CORSI\LLM\REPO\ChatWithDocuments\venv\Lib\site-packages\langchain_core\document_loaders\base.py", line 63, in load_and_split
    docs = self.load()
           ^^^^^^^^^^^
  File "C:\Users\matti\OneDrive\Documents\CORSI\LLM\REPO\ChatWithDocuments\venv\Lib\site-packages\langchain_core\document_loaders\base.py", line 29, in load
    return list(self.lazy_load())
           ^^^^^^^^^^^^^^^^^^^^^^
  File "C:\Users\matti\OneDrive\Documents\CORSI\LLM\REPO\ChatWithDocuments\venv\Lib\site-packages\langchain_community\document_loaders\text.py", line 58, in lazy_load
    raise RuntimeError(f"Error loading {self.file_path}") from e
RuntimeError: Error loading Gli Oceani di Andromalia
Data: 17 agosto 3075
Luogo: Pianeta Andromalia
Personaggi Principali:
Elara Venn: Comandante di una nave spaziale, 34 anni, esploratrice coraggiosa e curiosa.
Dr. Liam Kres: Biologo marino, 40 anni, specializzato in xenobiologia.
AI Nora: Intelligenza artificiale che gestisce la nave e assiste l'equipaggio.
Trama:
Nel 3075, l'umanità ha raggiunto le stelle e ora esplora pianeti abitabili in galassie lontane. Il 
Comandante Elara Venn guida una missione di esplorazione sul pianeta Andromalia, noto 
per essere coperto quasi interamente da oceani. Con lei c'è il Dr. Liam Kres, un biologo 
marino, e Nora, un'intelligenza artificiale avanzata che pilota la nave.
Durante la loro esplorazione subacquea, scoprono straordinarie forme di vita aliena, tra cui 
una specie di pianta che sembra comunicare tramite impulsi luminosi. Dr. Kres ipotizza che 
queste piante possano avere una forma di intelligenza collettiva, forse superiore a quella 
degli esseri umani.
La scoperta si complica quando una delle piante emette un impulso che temporaneamente 
disabilita Nora, costringendo Elara e Liam a fare affidamento sulle loro abilità di 
sopravvivenza senza il supporto tecnologico. Durante questo periodo, si sviluppa una 
relazione più profonda tra Elara e Liam, mentre lavorano insieme per ripristinare Nora e 
comprendere meglio la comunicazione delle piante.
Alla fine, scoprono che gli impulsi delle piante non erano un attacco, ma un tentativo di 
stabilire un contatto. Utilizzando le registrazioni degli impulsi, Elara e Liam riescono a 
tradurre i segnali, apprendendo che le piante cercano di avvertirli di un'imminente 
1
catastrofe naturale che minaccia il loro ecosistema.
Con questa nuova comprensione, l'equipaggio lavora per aiutare le piante a mitigare il 
disastro. In cambio, le piante offrono conoscenze sulla loro biologia che potrebbero portare 
a importanti scoperte mediche e tecnologiche per l'umanità.
Epilogo:
Ritornati sulla Terra, Elara e Liam pubblicano le loro scoperte, che rivoluzionano la 
comprensione umana della vita aliena e della comunicazione interspecie.
2


2024-06-15 23:24:11,623 - root - INFO - Ricevuto file: OceaniDiAndromalia.pdf
2024-06-15 23:24:11,643 - root - ERROR - Errore durante il caricamento dei file: Traceback (most recent call last):
  File "C:\Users\matti\OneDrive\Documents\CORSI\LLM\REPO\ChatWithDocuments\api\main.py", line 55, in upload_files
    file_id = upload_pdf(file.filename, pdf_text)
              ^^^^^^^^^^^^^^^^^^^^^^^^^^^^^^^^^^^
  File "C:\Users\matti\OneDrive\Documents\CORSI\LLM\REPO\ChatWithDocuments\chatwithdocuments\db_manager.py", line 26, in upload_pdf
    on_file_uploaded(file_id, filename, content)
  File "C:\Users\matti\OneDrive\Documents\CORSI\LLM\REPO\ChatWithDocuments\chatwithdocuments\callback_embedding_uploaded_pdf.py", line 16, in on_file_uploaded
    db = Chroma.from_documents(documents, embedding=embeddings, persist_directory="emb")
         ^^^^^^^^^^^^^^^^^^^^^^^^^^^^^^^^^^^^^^^^^^^^^^^^^^^^^^^^^^^^^^^^^^^^^^^^^^^^^^^
  File "C:\Users\matti\OneDrive\Documents\CORSI\LLM\REPO\ChatWithDocuments\venv\Lib\site-packages\langchain_community\vectorstores\chroma.py", line 788, in from_documents
    texts = [doc.page_content for doc in documents]
            ^^^^^^^^^^^^^^^^^^^^^^^^^^^^^^^^^^^^^^^
  File "C:\Users\matti\OneDrive\Documents\CORSI\LLM\REPO\ChatWithDocuments\venv\Lib\site-packages\langchain_community\vectorstores\chroma.py", line 788, in <listcomp>
    texts = [doc.page_content for doc in documents]
             ^^^^^^^^^^^^^^^^
AttributeError: 'str' object has no attribute 'page_content'

2024-06-15 23:27:15,672 - root - INFO - Ricevuto file: OceaniDiAndromalia.pdf
2024-06-15 23:27:16,146 - chromadb.telemetry.product.posthog - INFO - Anonymized telemetry enabled. See                     https://docs.trychroma.com/telemetry for more information.
2024-06-15 23:27:42,780 - root - INFO - File caricato con ID: 666e0733411ba16958f16d9f
2024-06-15 23:27:42,781 - root - INFO - Ricevuto file: LeLanterneDiFerroDiFLexor.pdf
2024-06-15 23:27:42,804 - chromadb.api.segment - INFO - Collection langchain is not created.
2024-06-15 23:27:44,025 - root - INFO - File caricato con ID: 666e074e411ba16958f16da0
2024-06-15 23:27:44,025 - root - INFO - Ricevuto file: UltimoBalloDiLorian.pdf
2024-06-15 23:27:44,044 - chromadb.api.segment - INFO - Collection langchain is not created.
2024-06-15 23:27:45,504 - root - INFO - File caricato con ID: 666e0750411ba16958f16da1
2024-06-15 23:27:45,505 - root - INFO - Ricevuto file: SilenzioTraISaliciDiVen.pdf
2024-06-15 23:27:45,522 - chromadb.api.segment - INFO - Collection langchain is not created.
2024-06-15 23:27:46,714 - root - INFO - File caricato con ID: 666e0751411ba16958f16da2
2024-06-15 23:27:46,715 - root - INFO - Ricevuto file: CodiciDiMirev.pdf
2024-06-15 23:27:46,734 - chromadb.api.segment - INFO - Collection langchain is not created.
2024-06-15 23:27:47,978 - root - INFO - File caricato con ID: 666e0752411ba16958f16da3
2024-06-15 23:28:15,447 - root - INFO - Modelli disponibili: [{'name': 'llama3:latest', 'model': 'llama3:latest', 'modified_at': '2024-06-14T21:56:46.2592756+02:00', 'size': 4661224676, 'digest': '365c0bd3c000a25d28ddbf732fe1c6add414de7275464c4e4d1c3b5fcb5d8ad1', 'details': {'parent_model': '', 'format': 'gguf', 'family': 'llama', 'families': ['llama'], 'parameter_size': '8.0B', 'quantization_level': 'Q4_0'}}]
2024-06-15 23:28:15,448 - root - INFO - Il modello 'llama3:latest' è disponibile.
2024-06-15 23:28:15,454 - chromadb.api.segment - INFO - Collection langchain is not created.
2024-06-15 23:28:18,205 - root - INFO - Result: {'query': 'Qual è il principio di funzionamento delle Lanterne di Ferro e chi le ha inventate?', 'result': "I don't know. The text does not mention the principle of operation or inventor of the Lanterne di Ferro, so I cannot provide that information."}
2024-06-15 23:29:05,767 - root - INFO - Modelli disponibili: [{'name': 'llama3:latest', 'model': 'llama3:latest', 'modified_at': '2024-06-14T21:56:46.2592756+02:00', 'size': 4661224676, 'digest': '365c0bd3c000a25d28ddbf732fe1c6add414de7275464c4e4d1c3b5fcb5d8ad1', 'details': {'parent_model': '', 'format': 'gguf', 'family': 'llama', 'families': ['llama'], 'parameter_size': '8.0B', 'quantization_level': 'Q4_0'}}]
2024-06-15 23:29:05,767 - root - INFO - Il modello 'llama3:latest' è disponibile.
2024-06-15 23:29:05,770 - chromadb.api.segment - INFO - Collection langchain is not created.
2024-06-15 23:29:11,240 - root - INFO - Result: {'query': 'Qual è il principio di funzionamento delle Lanterne di Ferro e chi le ha inventate?', 'result': "Based on the provided context, it can be concluded that:\n\nThe principle of functioning for the Lanterns of Iron is not explicitly stated in the given text. However, it is mentioned that Tobin's design prevails against an accident caused by one of Lord Blackwell's men during the event, suggesting that the design is secure and effective.\n\nAs for who invented the Lanterns of Iron, the provided context mentions that Fexlor is famous for his Lanterne di Ferro, implying that he is the inventor."}
2024-06-15 23:29:35,145 - root - INFO - Modelli disponibili: [{'name': 'llama3:latest', 'model': 'llama3:latest', 'modified_at': '2024-06-14T21:56:46.2592756+02:00', 'size': 4661224676, 'digest': '365c0bd3c000a25d28ddbf732fe1c6add414de7275464c4e4d1c3b5fcb5d8ad1', 'details': {'parent_model': '', 'format': 'gguf', 'family': 'llama', 'families': ['llama'], 'parameter_size': '8.0B', 'quantization_level': 'Q4_0'}}]
2024-06-15 23:29:35,145 - root - INFO - Il modello 'llama3:latest' è disponibile.
2024-06-15 23:29:35,147 - chromadb.api.segment - INFO - Collection langchain is not created.
2024-06-15 23:29:41,401 - root - INFO - Result: {'query': 'Qual è il principio di funzionamento delle Lanterne di Ferro e chi le ha inventate?', 'result': "Based on the provided context, it can be inferred that the principle of function of the Lanterne di Ferro is not explicitly stated. However, it is mentioned that the design of Tobin's lanterna previene qualsiasi danno serio (prevents any serious damage) and that the consiglio del villaggio decides to support Tobin in producing the lanterne, suggesting that there may be some innovative or unique aspect to their design.\n\nAs for who invented the Lanterne di Ferro, it is stated that Fexlor becomes famous for his Lanterne di Ferro, implying that Fexlor is the inventor."}
2024-06-15 23:30:30,417 - root - INFO - Modelli disponibili: [{'name': 'llama3:latest', 'model': 'llama3:latest', 'modified_at': '2024-06-14T21:56:46.2592756+02:00', 'size': 4661224676, 'digest': '365c0bd3c000a25d28ddbf732fe1c6add414de7275464c4e4d1c3b5fcb5d8ad1', 'details': {'parent_model': '', 'format': 'gguf', 'family': 'llama', 'families': ['llama'], 'parameter_size': '8.0B', 'quantization_level': 'Q4_0'}}]
2024-06-15 23:30:30,417 - root - INFO - Il modello 'llama3:latest' è disponibile.
2024-06-15 23:30:30,420 - chromadb.api.segment - INFO - Collection langchain is not created.
2024-06-15 23:30:33,057 - root - INFO - Result: {'query': 'Qual è il segreto che Lorian Silvers rivela a Ella Jordan durante il loro ultimo spettacolo insieme?', 'result': "I don't know. The provided context does not mention Lorian Silvers or Ella Jordan, and it appears to be unrelated to the question being asked."}
2024-06-15 23:30:36,990 - root - INFO - Modelli disponibili: [{'name': 'llama3:latest', 'model': 'llama3:latest', 'modified_at': '2024-06-14T21:56:46.2592756+02:00', 'size': 4661224676, 'digest': '365c0bd3c000a25d28ddbf732fe1c6add414de7275464c4e4d1c3b5fcb5d8ad1', 'details': {'parent_model': '', 'format': 'gguf', 'family': 'llama', 'families': ['llama'], 'parameter_size': '8.0B', 'quantization_level': 'Q4_0'}}]
2024-06-15 23:30:36,991 - root - INFO - Il modello 'llama3:latest' è disponibile.
2024-06-15 23:30:36,993 - chromadb.api.segment - INFO - Collection langchain is not created.
2024-06-15 23:30:40,424 - root - INFO - Result: {'query': 'Qual è il segreto che Lorian Silvers rivela a Ella Jordan durante il loro ultimo spettacolo insieme?', 'result': "I don't know the answer to this question. The provided context appears to be from different stories or episodes, and there is no mention of Lorian Silvers or Ella Jordan in the text. It seems that this question may not have any relevant information in the given context."}
2024-06-15 23:30:43,418 - root - INFO - Modelli disponibili: [{'name': 'llama3:latest', 'model': 'llama3:latest', 'modified_at': '2024-06-14T21:56:46.2592756+02:00', 'size': 4661224676, 'digest': '365c0bd3c000a25d28ddbf732fe1c6add414de7275464c4e4d1c3b5fcb5d8ad1', 'details': {'parent_model': '', 'format': 'gguf', 'family': 'llama', 'families': ['llama'], 'parameter_size': '8.0B', 'quantization_level': 'Q4_0'}}]
2024-06-15 23:30:43,419 - root - INFO - Il modello 'llama3:latest' è disponibile.
2024-06-15 23:30:43,422 - chromadb.api.segment - INFO - Collection langchain is not created.
2024-06-15 23:30:46,557 - root - INFO - Result: {'query': 'Qual è il segreto che Lorian Silvers rivela a Ella Jordan durante il loro ultimo spettacolo insieme?', 'result': "I don't know. The provided context does not mention Lorian Silvers or Ella Jordan, nor does it reveal any secret that they might have discussed during an event or performance. It appears to be unrelated to the given scenarios and texts."}
2024-06-15 23:31:38,623 - root - INFO - Modelli disponibili: [{'name': 'llama3:latest', 'model': 'llama3:latest', 'modified_at': '2024-06-14T21:56:46.2592756+02:00', 'size': 4661224676, 'digest': '365c0bd3c000a25d28ddbf732fe1c6add414de7275464c4e4d1c3b5fcb5d8ad1', 'details': {'parent_model': '', 'format': 'gguf', 'family': 'llama', 'families': ['llama'], 'parameter_size': '8.0B', 'quantization_level': 'Q4_0'}}]
2024-06-15 23:31:38,623 - root - INFO - Il modello 'llama3:latest' è disponibile.
2024-06-15 23:31:38,625 - chromadb.api.segment - INFO - Collection langchain is not created.
2024-06-15 23:31:44,861 - root - INFO - Result: {'query': 'Qual è il principio di funzionamento delle Lanterne di Ferro e chi le ha inventate?', 'result': 'According to the context, the principle of functionning of the Lanternes di Ferro is not explicitly stated. However, it is mentioned that "la sicurezza intrinseca del design di Tobin previene qualsiasi danno serio" (the intrinsic security of Tobin\'s design prevents any serious damage), suggesting that the lamp\'s design has some inherent safety feature.\n\nAs for who invented the Lanterne di Ferro, it is stated that "Fexlor diventa famoso per le sue Lanterne di Ferro", implying that Fexlor is the one who created or designed the lamps.'}
